[0;32m[2025-06-10 15:43:36][0m Starting LPA genotype preprocessing pipeline
[0;32m[2025-06-10 15:43:36][0m Input: input/genotypes.vcf.gz
[0;32m[2025-06-10 15:43:36][0m Output directory: input
[0;32m[2025-06-10 15:43:36][0m Model sites: Resources/Lpa_hap_model.flank100.sites.vcf.gz
[0;32m[2025-06-10 15:43:36][0m Creating index for input VCF/BCF file...
[0;32m[2025-06-10 15:44:14][0m Starting LPA genotype preprocessing pipeline
[0;32m[2025-06-10 15:44:14][0m Input: input/genotypes.vcf.gz
[0;32m[2025-06-10 15:44:14][0m Output directory: input
[0;32m[2025-06-10 15:44:14][0m Model sites: Resources/Lpa_hap_model.flank100.sites.vcf.gz
[0;32m[2025-06-10 15:44:14][0m Creating index for input VCF/BCF file...
[0;32m[2025-06-10 16:21:15][0m Starting LPA genotype preprocessing pipeline
[0;32m[2025-06-10 16:21:15][0m Input: input/genotypes.vcf.gz
[0;32m[2025-06-10 16:21:15][0m Output directory: input
[0;32m[2025-06-10 16:21:15][0m Model sites: Resources/Lpa_hap_model.flank100.sites.vcf.gz
[0;32m[2025-06-10 16:21:15][0m Creating index for input VCF/BCF file...
[0;32m[2025-06-10 16:23:02][0m Determining chromosome naming convention...
[0;32m[2025-06-10 16:23:02][0m Detected chromosome naming: 6
[0;32m[2025-06-10 16:23:02][0m Converting chromosome naming from 6 to chr6...
[0;32m[2025-06-10 16:38:44][0m Extracting variants at model sites...
[E::idx_find_and_load] Could not retrieve index file for 'Resources/Lpa_hap_model.flank100.sites.vcf.gz'
Failed to open Resources/Lpa_hap_model.flank100.sites.vcf.gz: could not load index
Failed to read from standard input: unknown file type
[0;32m[2025-06-10 16:38:44][0m Cleaning up temporary directory...
[0;32m[2025-06-11 10:02:39][0m Starting LPA genotype preprocessing pipeline
[0;32m[2025-06-11 10:02:39][0m Input: input/genotypes.vcf.gz
[0;32m[2025-06-11 10:02:39][0m Output directory: input
[0;32m[2025-06-11 10:02:39][0m Model sites: Resources/Lpa_hap_model.flank100.sites.vcf.gz
[0;32m[2025-06-11 10:02:39][0m Creating index for input VCF/BCF file...
